<?xml version="1.0" encoding="UTF-8"?>
<!-- Generated by org.testng.reporters.JUnitReportReporter -->
<testsuite skipped="0" hostname="DESKTOP-ABJLS60" name="main.Demo" tests="1" failures="0" timestamp="2020-06-16T16:10:44 IST" time="0.013" errors="0">
  <testcase name="buildSetup" time="0.013" classname="main.Demo"/>
  <system-out/>
</testsuite> <!-- main.Demo -->
