<?xml version="1.0" encoding="UTF-8"?>
<!-- Generated by org.testng.reporters.JUnitReportReporter -->
<testsuite skipped="0" hostname="DESKTOP-ABJLS60" name="main.GroupsExample" tests="2" failures="0" timestamp="2020-06-16T16:10:44 IST" time="0.004" errors="0">
  <testcase name="apirungroup" time="0.002" classname="main.GroupsExample"/>
  <system-out/>
  <testcase name="groupmobilerun" time="0.002" classname="main.GroupsExample"/>
  <system-out/>
</testsuite> <!-- main.GroupsExample -->
