<?xml version="1.0" encoding="UTF-8"?>
<!-- Generated by org.testng.reporters.JUnitReportReporter -->
<testsuite skipped="0" hostname="DESKTOP-ABJLS60" name="main.HelperAnnotations" tests="3" failures="0" timestamp="2020-06-16T16:58:07 IST" time="0.661" errors="0">
  <testcase name="groupmobilerun" time="0.004" classname="main.HelperAnnotations"/>
  <system-out/>
  <testcase name="webgrouprun" time="0.004" classname="main.HelperAnnotations"/>
  <system-out/>
  <testcase name="apirungroup" time="0.653" classname="main.HelperAnnotations"/>
  <system-out/>
</testsuite> <!-- main.HelperAnnotations -->
